#
# A fatal error has been detected by the Java Runtime Environment:
#
#  EXCEPTION_ACCESS_VIOLATION (0xc0000005) at pc=0x00007ffd55254564, pid=10428, tid=6456
#
# JRE version: OpenJDK Runtime Environment Temurin-17.0.4.1+1 (17.0.4.1+1) (build 17.0.4.1+1)
# Java VM: OpenJDK 64-Bit Server VM Temurin-17.0.4.1+1 (17.0.4.1+1, mixed mode, tiered, compressed oops, compressed class ptrs, g1 gc, windows-amd64)
# Problematic frame:
# C  [jSerialComm.dll+0x4564]
#
# No core dump will be written. Minidumps are not enabled by default on client versions of Windows
#
# If you would like to submit a bug report, please visit:
#   https://github.com/adoptium/adoptium-support/issues
# The crash happened outside the Java Virtual Machine in native code.
# See problematic frame for where to report the bug.
#

---------------  S U M M A R Y ------------

Command Line: -Dfile.encoding=UTF-8 --module-path=C:\Users\anyti\eclipse-workspace\javafx_base\bin;C:\Users\anyti\eclipse-jee-2022-09-R-win32-x86_64\eclipse\plugins\org.eclipse.fx.ide.css.jfx8_3.8.0.202204150904.jar;C:\Users\anyti\setup\openjfx-21.0.2_windows-x64_bin-sdk (1)\javafx-sdk-21.0.2\lib\javafx.base.jar;C:\Users\anyti\setup\openjfx-21.0.2_windows-x64_bin-sdk (1)\javafx-sdk-21.0.2\lib\javafx.controls.jar;C:\Users\anyti\setup\openjfx-21.0.2_windows-x64_bin-sdk (1)\javafx-sdk-21.0.2\lib\javafx.fxml.jar;C:\Users\anyti\setup\openjfx-21.0.2_windows-x64_bin-sdk (1)\javafx-sdk-21.0.2\lib\javafx.graphics.jar;C:\Users\anyti\setup\openjfx-21.0.2_windows-x64_bin-sdk (1)\javafx-sdk-21.0.2\lib\javafx.media.jar;C:\Users\anyti\setup\openjfx-21.0.2_windows-x64_bin-sdk (1)\javafx-sdk-21.0.2\lib\javafx.swing.jar;C:\Users\anyti\setup\openjfx-21.0.2_windows-x64_bin-sdk (1)\javafx-sdk-21.0.2\lib\javafx.web.jar;C:\Users\anyti\setup\openjfx-21.0.2_windows-x64_bin-sdk (1)\javafx-sdk-21.0.2\lib\javafx-swt.jar;C:\Users\anyti\Downloads\jSerialComm-2.10.4.jar -XX:+ShowCodeDetailsInExceptionMessages -Djdk.module.main=javafx_base javafx_base/application.Main

Host: 12th Gen Intel(R) Core(TM) i7-12700H, 20 cores, 15G,  Windows 10 , 64 bit Build 19041 (10.0.19041.3636)
Time: Sun Mar  3 20:04:39 2024  Windows 10 , 64 bit Build 19041 (10.0.19041.3636) elapsed time: 8.133298 seconds (0d 0h 0m 8s)

---------------  T H R E A D  ---------------

Current thread (0x0000027c577301e0):  JavaThread "Thread-4" daemon [_thread_in_native, id=6456, stack(0x000000c9fb600000,0x000000c9fb700000)]

Stack: [0x000000c9fb600000,0x000000c9fb700000],  sp=0x000000c9fb6ff190,  free space=1020k
Native frames: (J=compiled Java code, j=interpreted, Vv=VM code, C=native code)
C  [jSerialComm.dll+0x4564]

Java frames: (J=compiled Java code, j=interpreted, Vv=VM code)
j  com.fazecast.jSerialComm.SerialPort.bytesAvailable(J)I+0 com.fazecast.jSerialComm
j  com.fazecast.jSerialComm.SerialPort.bytesAvailable()I+31 com.fazecast.jSerialComm
j  application.RTCMRequest.readData()Ljava/lang/String;+93 javafx_base
j  application.MainController.lambda$1()V+7 javafx_base
j  application.MainController$$Lambda$558+0x0000000800326000.run()V+4 javafx_base
j  java.lang.Thread.run()V+11 java.base@17.0.4.1
v  ~StubRoutines::call_stub

siginfo: EXCEPTION_ACCESS_VIOLATION (0xc0000005), reading address 0x0000000000000000


Register to memory mapping:

RIP=0x00007ffd55254564 jSerialComm.dll
RAX=0x00007ffd5525455c jSerialComm.dll
RBX={method} {0x0000027c5ce1cba0} 'bytesAvailable' '(J)I' in 'com/fazecast/jSerialComm/SerialPort'
RCX=0x0000027c57730488 points into unknown readable memory: 0x00007ffd1949f7e0 | e0 f7 49 19 fd 7f 00 00
RDX=0x000000c9fb6ff288 is pointing into the stack for thread: 0x0000027c577301e0
RSP=0x000000c9fb6ff190 is pointing into the stack for thread: 0x0000027c577301e0
RBP=0x000000c9fb6ff258 is pointing into the stack for thread: 0x0000027c577301e0
RSI=0x0 is NULL
RDI=0x0000027c3a8794fe is at code_begin+1118 in an Interpreter codelet
return entry points  [0x0000027c3a8790a0, 0x0000027c3a879ba0]  2816 bytes
R8 =0x0 is NULL
R9 =0x000000c9fb6ff2c8 is pointing into the stack for thread: 0x0000027c577301e0
R10=0x0000027c3a87d5f2 is at code_begin+946 in an Interpreter codelet
method entry point (kind = native)  [0x0000027c3a87d240, 0x0000027c3a87dbc0]  2432 bytes
R11=0x0000000000000102 is an unknown value
R12=0x0 is NULL
R13={method} {0x0000027c5ce1cba0} 'bytesAvailable' '(J)I' in 'com/fazecast/jSerialComm/SerialPort'
R14=0x000000c9fb6ff288 is pointing into the stack for thread: 0x0000027c577301e0
R15=0x0000027c577301e0 is a thread


Registers:
RAX=0x00007ffd5525455c, RBX=0x0000027c5ce1cb98, RCX=0x0000027c57730488, RDX=0x000000c9fb6ff288
RSP=0x000000c9fb6ff190, RBP=0x000000c9fb6ff258, RSI=0x0000000000000000, RDI=0x0000027c3a8794fe
R8 =0x0000000000000000, R9 =0x000000c9fb6ff2c8, R10=0x0000027c3a87d5f2, R11=0x0000000000000102
R12=0x0000000000000000, R13=0x0000027c5ce1cb98, R14=0x000000c9fb6ff288, R15=0x0000027c577301e0
RIP=0x00007ffd55254564, EFLAGS=0x0000000000010206

Top of Stack: (sp=0x000000c9fb6ff190)
0x000000c9fb6ff190:   0000027c3a87b467 0000027c3a878e10
0x000000c9fb6ff1a0:   0000027c577301e0 00007ffd1918c7cb
0x000000c9fb6ff1b0:   000000c9fb6ff200 0000000000000001
0x000000c9fb6ff1c0:   0000000000000000 0000027c3a87d621
0x000000c9fb6ff1d0:   0000027c577301e0 00007ffd18dbf048
0x000000c9fb6ff1e0:   000000c9fb6ff2e8 0000027c577301e0
0x000000c9fb6ff1f0:   0000000000000001 000000c900000000
0x000000c9fb6ff200:   0000000000000000 0000027c577301e0
0x000000c9fb6ff210:   000000c9fb6ff210 0000000000000000
0x000000c9fb6ff220:   000000c9fb6ff288 0000027c5ce224e0
0x000000c9fb6ff230:   0000000000000000 0000000704bf9968
0x000000c9fb6ff240:   0000027c5ce1cb98 0000000000000000
0x000000c9fb6ff250:   000000c9fb6ff278 000000c9fb6ff2d8
0x000000c9fb6ff260:   0000027c3a879612 0000000000000000
0x000000c9fb6ff270:   0000027c3a87af76 0000000000000000
0x000000c9fb6ff280:   0000000000000000 00000007052e1088 

Instructions: (pc=0x00007ffd55254564)
0x00007ffd55254464:   00 74 0f ff 15 5b 95 02 00 83 f8 57 0f 85 bd 00
0x00007ffd55254474:   00 00 48 8b 3d 03 97 02 00 48 8b 4c 24 48 ba f4
0x00007ffd55254484:   01 00 00 ff d7 3d 02 01 00 00 75 6f 80 7e 41 00
0x00007ffd55254494:   75 e7 e9 86 00 00 00 31 c0 8b 7c 24 2c 89 f9 83
0x00007ffd552544a4:   e1 40 c1 e1 0a 09 c1 89 f8 83 e0 04 c1 e0 06 83
0x00007ffd552544b4:   7c 24 5c 00 0f 95 c2 40 20 fa 44 0f b6 c2 89 fa
0x00007ffd552544c4:   c1 e2 0f 89 d6 81 e6 00 00 04 00 09 c6 09 ce 81
0x00007ffd552544d4:   e2 00 00 08 00 c1 e7 0c 89 f8 25 00 00 10 00 09
0x00007ffd552544e4:   d0 81 e7 00 00 02 00 09 c7 09 f7 44 09 c7 48 8b
0x00007ffd552544f4:   4c 24 48 ff 15 ab 93 02 00 eb 54 85 c0 75 1e 48
0x00007ffd55254504:   8b 0e 48 8d 54 24 30 4c 8d 44 24 54 45 31 c9 ff
0x00007ffd55254514:   15 d7 94 02 00 85 c0 0f 85 d5 fe ff ff ff 15 a1
0x00007ffd55254524:   94 02 00 89 46 34 c7 46 30 e9 03 00 00 eb 10 ff
0x00007ffd55254534:   15 8f 94 02 00 89 46 34 c7 46 30 e4 03 00 00 48
0x00007ffd55254544:   8b 4c 24 48 ff 15 5a 93 02 00 bf 00 00 00 10 89
0x00007ffd55254554:   f8 48 83 c4 68 5f 5e c3 56 48 83 ec 30 4c 89 c6
0x00007ffd55254564:   49 8b 08 4c 8d 44 24 20 31 d2 ff 15 2c 93 02 00
0x00007ffd55254574:   85 c0 74 06 8b 44 24 24 eb 15 c7 46 30 43 04 00
0x00007ffd55254584:   00 ff 15 3d 94 02 00 89 46 34 b8 ff ff ff ff 48
0x00007ffd55254594:   83 c4 30 5e c3 56 48 83 ec 30 4c 89 c6 49 8b 08
0x00007ffd552545a4:   4c 8d 44 24 20 31 d2 ff 15 ef 92 02 00 85 c0 74
0x00007ffd552545b4:   06 8b 44 24 28 eb 15 c7 46 30 52 04 00 00 ff 15
0x00007ffd552545c4:   00 94 02 00 89 46 34 b8 ff ff ff ff 48 83 c4 30
0x00007ffd552545d4:   5e c3 41 57 41 56 41 55 41 54 56 57 55 53 48 83
0x00007ffd552545e4:   ec 58 4d 89 cd 4d 89 c4 48 89 ce 44 8b bc 24 c8
0x00007ffd552545f4:   00 00 00 8b bc 24 c0 00 00 00 48 8b 01 4c 89 ca
0x00007ffd55254604:   ff 90 58 05 00 00 44 89 f9 09 f9 bd ff ff ff ff
0x00007ffd55254614:   0f 88 81 00 00 00 89 c3 44 29 fb 7c 7a 41 8d 0c
0x00007ffd55254624:   3f 39 c1 0f 4e df 48 8b 06 48 89 f1 4c 89 ea 45
0x00007ffd55254634:   31 c0 ff 90 c0 05 00 00 49 89 c6 48 8b 06 48 89
0x00007ffd55254644:   f1 ff 90 20 07 00 00 84 c0 74 5f 48 8b 06 48 89
0x00007ffd55254654:   f1 ff 90 80 00 00 00 48 8b 06 48 89 f1 ff 90 88 


Stack slot to memory mapping:
stack at sp + 0 slots: 0x0000027c3a87b467 is at code_begin+39 in an Interpreter codelet
exception handling  [0x0000027c3a87b440, 0x0000027c3a87c060]  3104 bytes
stack at sp + 1 slots: 0x0000027c3a878e10 is at code_begin+-112 in 
[CodeBlob (0x0000027c3a878e10)]
Framesize: 0
BufferBlob (0x0000027c3a878e10) used for Interpreter
stack at sp + 2 slots: 0x0000027c577301e0 is a thread
stack at sp + 3 slots: 0x00007ffd1918c7cb jvm.dll
stack at sp + 4 slots: 0x000000c9fb6ff200 is pointing into the stack for thread: 0x0000027c577301e0
stack at sp + 5 slots: 0x0000000000000001 is an unknown value
stack at sp + 6 slots: 0x0 is NULL
stack at sp + 7 slots: 0x0000027c3a87d621 is at code_begin+993 in an Interpreter codelet
method entry point (kind = native)  [0x0000027c3a87d240, 0x0000027c3a87dbc0]  2432 bytes


---------------  P R O C E S S  ---------------

Threads class SMR info:
_java_thread_list=0x0000027c63388c10, length=22, elements={
0x0000027c371a53d0, 0x0000027c5743cec0, 0x0000027c57441da0, 0x0000027c57462530,
0x0000027c57487e90, 0x0000027c5748a760, 0x0000027c5748c030, 0x0000027c5748cc20,
0x0000027c5748d5d0, 0x0000027c574f62c0, 0x0000027c575e3440, 0x0000027c577319f0,
0x0000027c57731ec0, 0x0000027c5772eea0, 0x0000027c57732390, 0x0000027c5772f840,
0x0000027c5772fd10, 0x0000027c57732860, 0x0000027c57731050, 0x0000027c577301e0,
0x0000027c58ed3720, 0x0000027c58ed5070
}

Java Threads: ( => current thread )
  0x0000027c371a53d0 JavaThread "main" [_thread_blocked, id=7836, stack(0x000000c9fa200000,0x000000c9fa300000)]
  0x0000027c5743cec0 JavaThread "Reference Handler" daemon [_thread_blocked, id=8100, stack(0x000000c9fa900000,0x000000c9faa00000)]
  0x0000027c57441da0 JavaThread "Finalizer" daemon [_thread_blocked, id=10872, stack(0x000000c9faa00000,0x000000c9fab00000)]
  0x0000027c57462530 JavaThread "Signal Dispatcher" daemon [_thread_blocked, id=5036, stack(0x000000c9fab00000,0x000000c9fac00000)]
  0x0000027c57487e90 JavaThread "Attach Listener" daemon [_thread_blocked, id=17064, stack(0x000000c9fac00000,0x000000c9fad00000)]
  0x0000027c5748a760 JavaThread "Service Thread" daemon [_thread_blocked, id=4140, stack(0x000000c9fad00000,0x000000c9fae00000)]
  0x0000027c5748c030 JavaThread "Monitor Deflation Thread" daemon [_thread_blocked, id=19096, stack(0x000000c9fae00000,0x000000c9faf00000)]
  0x0000027c5748cc20 JavaThread "C2 CompilerThread0" daemon [_thread_blocked, id=6004, stack(0x000000c9faf00000,0x000000c9fb000000)]
  0x0000027c5748d5d0 JavaThread "C1 CompilerThread0" daemon [_thread_blocked, id=23112, stack(0x000000c9fb000000,0x000000c9fb100000)]
  0x0000027c574f62c0 JavaThread "Sweeper thread" daemon [_thread_blocked, id=10648, stack(0x000000c9fb100000,0x000000c9fb200000)]
  0x0000027c575e3440 JavaThread "Common-Cleaner" daemon [_thread_blocked, id=19964, stack(0x000000c9fb200000,0x000000c9fb300000)]
  0x0000027c577319f0 JavaThread "Notification Thread" daemon [_thread_blocked, id=5988, stack(0x000000c9fbb00000,0x000000c9fbc00000)]
  0x0000027c57731ec0 JavaThread "QuantumRenderer-0" daemon [_thread_blocked, id=7596, stack(0x000000c9fbd00000,0x000000c9fbe00000)]
  0x0000027c5772eea0 JavaThread "InvokeLaterDispatcher" daemon [_thread_blocked, id=22904, stack(0x000000c9fba00000,0x000000c9fbb00000)]
  0x0000027c57732390 JavaThread "JavaFX Application Thread" [_thread_in_native, id=21900, stack(0x000000c9fc000000,0x000000c9fc100000)]
  0x0000027c5772f840 JavaThread "JavaFX-Launcher" [_thread_blocked, id=8016, stack(0x000000c9fc300000,0x000000c9fc400000)]
  0x0000027c5772fd10 JavaThread "Thread-2" daemon [_thread_in_native, id=15116, stack(0x000000c9fc200000,0x000000c9fc300000)]
  0x0000027c57732860 JavaThread "Prism Font Disposer" daemon [_thread_blocked, id=20140, stack(0x000000c9fcc00000,0x000000c9fcd00000)]
  0x0000027c57731050 JavaThread "Cleaner-0" daemon [_thread_blocked, id=23456, stack(0x000000c9fd400000,0x000000c9fd500000)]
=>0x0000027c577301e0 JavaThread "Thread-4" daemon [_thread_in_native, id=6456, stack(0x000000c9fb600000,0x000000c9fb700000)]
  0x0000027c58ed3720 JavaThread "C1 CompilerThread1" daemon [_thread_blocked, id=4816, stack(0x000000c9fb300000,0x000000c9fb400000)]
  0x0000027c58ed5070 JavaThread "C1 CompilerThread2" daemon [_thread_blocked, id=22536, stack(0x000000c9fb400000,0x000000c9fb500000)]

Other Threads:
  0x0000027c56b9ece0 VMThread "VM Thread" [stack: 0x000000c9fa800000,0x000000c9fa900000] [id=21496]
  0x0000027c3723da00 WatcherThread [stack: 0x000000c9fbc00000,0x000000c9fbd00000] [id=1712]
  0x0000027c37213820 GCTaskThread "GC Thread#0" [stack: 0x000000c9fa300000,0x000000c9fa400000] [id=17896]
  0x0000027c5881c020 GCTaskThread "GC Thread#1" [stack: 0x000000c9fc400000,0x000000c9fc500000] [id=21660]
  0x0000027c5881c2d0 GCTaskThread "GC Thread#2" [stack: 0x000000c9fc500000,0x000000c9fc600000] [id=13508]
  0x0000027c5881c580 GCTaskThread "GC Thread#3" [stack: 0x000000c9fc600000,0x000000c9fc700000] [id=23260]
  0x0000027c5881c830 GCTaskThread "GC Thread#4" [stack: 0x000000c9fc700000,0x000000c9fc800000] [id=5688]
  0x0000027c58c64630 GCTaskThread "GC Thread#5" [stack: 0x000000c9fc800000,0x000000c9fc900000] [id=16092]
  0x0000027c58ed9760 GCTaskThread "GC Thread#6" [stack: 0x000000c9fcd00000,0x000000c9fce00000] [id=1180]
  0x0000027c58ed9a10 GCTaskThread "GC Thread#7" [stack: 0x000000c9fce00000,0x000000c9fcf00000] [id=19408]
  0x0000027c58fadbf0 GCTaskThread "GC Thread#8" [stack: 0x000000c9fcf00000,0x000000c9fd000000] [id=12192]
  0x0000027c58fadea0 GCTaskThread "GC Thread#9" [stack: 0x000000c9fd000000,0x000000c9fd100000] [id=18304]
  0x0000027c58d3aa00 GCTaskThread "GC Thread#10" [stack: 0x000000c9fb700000,0x000000c9fb800000] [id=22876]
  0x0000027c372240d0 ConcurrentGCThread "G1 Main Marker" [stack: 0x000000c9fa400000,0x000000c9fa500000] [id=20292]
  0x0000027c372258a0 ConcurrentGCThread "G1 Conc#0" [stack: 0x000000c9fa500000,0x000000c9fa600000] [id=19300]
  0x0000027c58d3b4c0 ConcurrentGCThread "G1 Conc#1" [stack: 0x000000c9fd100000,0x000000c9fd200000] [id=8832]
  0x0000027c58d3acb0 ConcurrentGCThread "G1 Conc#2" [stack: 0x000000c9fd200000,0x000000c9fd300000] [id=18980]
  0x0000027c58d3a1f0 ConcurrentGCThread "G1 Conc#3" [stack: 0x000000c9fd300000,0x000000c9fd400000] [id=18652]
  0x0000027c3727e4e0 ConcurrentGCThread "G1 Refine#0" [stack: 0x000000c9fa600000,0x000000c9fa700000] [id=18840]
  0x0000027c3727ecb0 ConcurrentGCThread "G1 Service" [stack: 0x000000c9fa700000,0x000000c9fa800000] [id=22892]

Threads with active compile tasks:

VM state: not at safepoint (normal execution)

VM Mutex/Monitor currently owned by a thread: None

Heap address: 0x0000000704400000, size: 4028 MB, Compressed Oops mode: Zero based, Oop shift amount: 3

CDS archive(s) not mapped
Compressed class space mapped at: 0x0000000800000000-0x0000000840000000, reserved size: 1073741824
Narrow klass base: 0x0000000800000000, Narrow klass shift: 0, Narrow klass range: 0x40000000

GC Precious Log:
 CPUs: 20 total, 20 available
 Memory: 16108M
 Large Page Support: Disabled
 NUMA Support: Disabled
 Compressed Oops: Enabled (Zero based)
 Heap Region Size: 2M
 Heap Min Capacity: 8M
 Heap Initial Capacity: 252M
 Heap Max Capacity: 4028M
 Pre-touch: Disabled
 Parallel Workers: 15
 Concurrent Workers: 4
 Concurrent Refinement Workers: 15
 Periodic GC: Disabled

Heap:
 garbage-first heap   total 40960K, used 10436K [0x0000000704400000, 0x0000000800000000)
  region size 2048K, 3 young (6144K), 2 survivors (4096K)
 Metaspace       used 23821K, committed 24064K, reserved 1073152K
  class space    used 3165K, committed 3264K, reserved 1048576K

Heap Regions: E=young(eden), S=young(survivor), O=old, HS=humongous(starts), HC=humongous(continues), CS=collection set, F=free, OA=open archive, CA=closed archive, TAMS=top-at-mark-start (previous, next)
|   0|0x0000000704400000, 0x000000070441a000, 0x0000000704600000|  5%| O|  |TAMS 0x000000070441a000, 0x0000000704400000| Complete 
|   1|0x0000000704600000, 0x0000000704600000, 0x0000000704800000|  0%| F|  |TAMS 0x0000000704600000, 0x0000000704600000| Untracked 
|   2|0x0000000704800000, 0x0000000704a00000, 0x0000000704a00000|100%|HS|  |TAMS 0x0000000704800000, 0x0000000704800000| Complete 
|   3|0x0000000704a00000, 0x0000000704c00000, 0x0000000704c00000|100%| O|  |TAMS 0x0000000704a00000, 0x0000000704a00000| Untracked 
|   4|0x0000000704c00000, 0x0000000704e00000, 0x0000000704e00000|100%| O|  |TAMS 0x0000000704c00000, 0x0000000704c00000| Untracked 
|   5|0x0000000704e00000, 0x0000000704fe8000, 0x0000000705000000| 95%| O|  |TAMS 0x0000000704e00000, 0x0000000704e00000| Untracked 
|   6|0x0000000705000000, 0x000000070502f2d0, 0x0000000705200000|  9%| S|CS|TAMS 0x0000000705000000, 0x0000000705000000| Complete 
|   7|0x0000000705200000, 0x0000000705400000, 0x0000000705400000|100%| S|CS|TAMS 0x0000000705200000, 0x0000000705200000| Complete 
|   8|0x0000000705400000, 0x0000000705400000, 0x0000000705600000|  0%| F|  |TAMS 0x0000000705400000, 0x0000000705400000| Untracked 
|   9|0x0000000705600000, 0x0000000705600000, 0x0000000705800000|  0%| F|  |TAMS 0x0000000705600000, 0x0000000705600000| Untracked 
|  10|0x0000000705800000, 0x0000000705800000, 0x0000000705a00000|  0%| F|  |TAMS 0x0000000705800000, 0x0000000705800000| Untracked 
|  11|0x0000000705a00000, 0x0000000705a00000, 0x0000000705c00000|  0%| F|  |TAMS 0x0000000705a00000, 0x0000000705a00000| Untracked 
|  12|0x0000000705c00000, 0x0000000705c00000, 0x0000000705e00000|  0%| F|  |TAMS 0x0000000705c00000, 0x0000000705c00000| Untracked 
|  13|0x0000000705e00000, 0x0000000705e00000, 0x0000000706000000|  0%| F|  |TAMS 0x0000000705e00000, 0x0000000705e00000| Untracked 
|  14|0x0000000706000000, 0x0000000706000000, 0x0000000706200000|  0%| F|  |TAMS 0x0000000706000000, 0x0000000706000000| Untracked 
| 118|0x0000000713000000, 0x0000000713000000, 0x0000000713200000|  0%| F|  |TAMS 0x0000000713000000, 0x0000000713000000| Untracked 
| 119|0x0000000713200000, 0x0000000713200000, 0x0000000713400000|  0%| F|  |TAMS 0x0000000713200000, 0x0000000713200000| Untracked 
| 120|0x0000000713400000, 0x0000000713400000, 0x0000000713600000|  0%| F|  |TAMS 0x0000000713400000, 0x0000000713400000| Untracked 
| 121|0x0000000713600000, 0x0000000713600000, 0x0000000713800000|  0%| F|  |TAMS 0x0000000713600000, 0x0000000713600000| Untracked 
| 125|0x0000000713e00000, 0x0000000713ea8598, 0x0000000714000000| 32%| E|  |TAMS 0x0000000713e00000, 0x0000000713e00000| Complete 

Card table byte_map: [0x0000027c4ab00000,0x0000027c4b2e0000] _byte_map_base: 0x0000027c472de000

Marking Bits (Prev, Next): (CMBitMap*) 0x0000027c37213c20, (CMBitMap*) 0x0000027c37213be0
 Prev Bits: [0x0000027c4f9b0000, 0x0000027c538a0000)
 Next Bits: [0x0000027c4bac0000, 0x0000027c4f9b0000)

Polling page: 0x0000027c36980000

Metaspace:

Usage:
  Non-class:     20.17 MB used.
      Class:      3.09 MB used.
       Both:     23.26 MB used.

Virtual space:
  Non-class space:       24.00 MB reserved,      20.31 MB ( 85%) committed,  3 nodes.
      Class space:        1.00 GB reserved,       3.19 MB ( <1%) committed,  1 nodes.
             Both:        1.02 GB reserved,      23.50 MB (  2%) committed. 

Chunk freelists:
   Non-Class:  3.05 MB
       Class:  869.00 KB
        Both:  3.90 MB

MaxMetaspaceSize: unlimited
CompressedClassSpaceSize: 1.00 GB
Initial GC threshold: 21.00 MB
Current GC threshold: 35.12 MB
CDS: off
MetaspaceReclaimPolicy: balanced
 - commit_granule_bytes: 65536.
 - commit_granule_words: 8192.
 - virtual_space_node_default_size: 1048576.
 - enlarge_chunks_in_place: 1.
 - new_chunks_are_fully_committed: 0.
 - uncommit_free_chunks: 1.
 - use_allocation_guard: 0.
 - handle_deallocations: 1.


Internal statistics:

num_allocs_failed_limit: 3.
num_arena_births: 208.
num_arena_deaths: 0.
num_vsnodes_births: 4.
num_vsnodes_deaths: 0.
num_space_committed: 376.
num_space_uncommitted: 0.
num_chunks_returned_to_freelist: 3.
num_chunks_taken_from_freelist: 767.
num_chunk_merges: 3.
num_chunk_splits: 537.
num_chunks_enlarged: 421.
num_purges: 0.
num_inconsistent_stats: 0.

CodeHeap 'non-profiled nmethods': size=119168Kb used=1481Kb max_used=1481Kb free=117686Kb
 bounds [0x0000027c42410000, 0x0000027c42680000, 0x0000027c49870000]
CodeHeap 'profiled nmethods': size=119104Kb used=6255Kb max_used=6255Kb free=112848Kb
 bounds [0x0000027c3afc0000, 0x0000027c3b5e0000, 0x0000027c42410000]
CodeHeap 'non-nmethods': size=7488Kb used=2557Kb max_used=3187Kb free=4930Kb
 bounds [0x0000027c3a870000, 0x0000027c3aba0000, 0x0000027c3afc0000]
 total_blobs=4077 nmethods=3287 adapters=699
 compilation: enabled
              stopped_count=0, restarted_count=0
 full_count=0

Compilation events (20 events):
Event: 8.024 Thread 0x0000027c58ed5070 nmethod 3256 0x0000027c3b5bf390 code [0x0000027c3b5bf540, 0x0000027c3b5bf8b8]
Event: 8.024 Thread 0x0000027c5748d5d0 3257       3       java.util.regex.Matcher::<init> (95 bytes)
Event: 8.024 Thread 0x0000027c58ed5070 3260       3       java.util.regex.Pattern$LastNode::match (45 bytes)
Event: 8.025 Thread 0x0000027c58ed5070 nmethod 3260 0x0000027c3b5bfa10 code [0x0000027c3b5bfbc0, 0x0000027c3b5bfdd8]
Event: 8.025 Thread 0x0000027c58ed5070 3261       3       java.io.PrintStream::print (9 bytes)
Event: 8.025 Thread 0x0000027c5748d5d0 nmethod 3257 0x0000027c3b5bff10 code [0x0000027c3b5c00e0, 0x0000027c3b5c0748]
Event: 8.025 Thread 0x0000027c5748d5d0 3262       3       java.lang.StringBuilder::append (8 bytes)
Event: 8.025 Thread 0x0000027c5748d5d0 nmethod 3262 0x0000027c3b5c0910 code [0x0000027c3b5c0aa0, 0x0000027c3b5c0be8]
Event: 8.025 Thread 0x0000027c58ed5070 nmethod 3261 0x0000027c3b5c0c90 code [0x0000027c3b5c0e40, 0x0000027c3b5c1088]
Event: 8.026 Thread 0x0000027c58ed3720 nmethod 3258 0x0000027c3b5c1190 code [0x0000027c3b5c15a0, 0x0000027c3b5c2eb8]
Event: 8.112 Thread 0x0000027c58ed5070 3264       1       com.sun.javafx.sg.prism.NGCamera::getViewHeight (5 bytes)
Event: 8.112 Thread 0x0000027c5748d5d0 3263       1       com.sun.javafx.sg.prism.NGCamera::getViewWidth (5 bytes)
Event: 8.113 Thread 0x0000027c58ed5070 nmethod 3264 0x0000027c42581890 code [0x0000027c42581a20, 0x0000027c42581af8]
Event: 8.113 Thread 0x0000027c5748d5d0 nmethod 3263 0x0000027c42581b90 code [0x0000027c42581d20, 0x0000027c42581df8]
Event: 8.114 Thread 0x0000027c58ed5070 3265       3       com.sun.javafx.geom.Path2D::<init> (26 bytes)
Event: 8.114 Thread 0x0000027c58ed5070 nmethod 3265 0x0000027c3b5c3710 code [0x0000027c3b5c38e0, 0x0000027c3b5c3e68]
Event: 8.119 Thread 0x0000027c58ed3720 3266       3       java.lang.invoke.DirectMethodHandle$Holder::newInvokeSpecial (24 bytes)
Event: 8.119 Thread 0x0000027c58ed3720 nmethod 3266 0x0000027c3b5c4010 code [0x0000027c3b5c4200, 0x0000027c3b5c47a8]
Event: 8.121 Thread 0x0000027c58ed3720 3267       3       javafx.beans.property.StringPropertyBase::isBound (13 bytes)
Event: 8.121 Thread 0x0000027c58ed3720 nmethod 3267 0x0000027c3b5c4990 code [0x0000027c3b5c4b20, 0x0000027c3b5c4c98]

GC Heap History (8 events):
Event: 0.333 GC heap before
{Heap before GC invocations=0 (full 0):
 garbage-first heap   total 258048K, used 20480K [0x0000000704400000, 0x0000000800000000)
  region size 2048K, 11 young (22528K), 0 survivors (0K)
 Metaspace       used 12323K, committed 12480K, reserved 1064960K
  class space    used 1268K, committed 1344K, reserved 1048576K
}
Event: 0.335 GC heap after
{Heap after GC invocations=1 (full 0):
 garbage-first heap   total 258048K, used 3033K [0x0000000704400000, 0x0000000800000000)
  region size 2048K, 2 young (4096K), 2 survivors (4096K)
 Metaspace       used 12323K, committed 12480K, reserved 1064960K
  class space    used 1268K, committed 1344K, reserved 1048576K
}
Event: 0.637 GC heap before
{Heap before GC invocations=1 (full 0):
 garbage-first heap   total 258048K, used 35801K [0x0000000704400000, 0x0000000800000000)
  region size 2048K, 18 young (36864K), 2 survivors (4096K)
 Metaspace       used 20111K, committed 20288K, reserved 1073152K
  class space    used 2601K, committed 2688K, reserved 1048576K
}
Event: 0.640 GC heap after
{Heap after GC invocations=2 (full 0):
 garbage-first heap   total 258048K, used 6248K [0x0000000704400000, 0x0000000800000000)
  region size 2048K, 3 young (6144K), 3 survivors (6144K)
 Metaspace       used 20111K, committed 20288K, reserved 1073152K
  class space    used 2601K, committed 2688K, reserved 1048576K
}
Event: 0.685 GC heap before
{Heap before GC invocations=2 (full 0):
 garbage-first heap   total 258048K, used 12392K [0x0000000704400000, 0x0000000800000000)
  region size 2048K, 7 young (14336K), 3 survivors (6144K)
 Metaspace       used 21316K, committed 21504K, reserved 1073152K
  class space    used 2908K, committed 3008K, reserved 1048576K
}
Event: 0.687 GC heap after
{Heap after GC invocations=3 (full 0):
 garbage-first heap   total 258048K, used 7490K [0x0000000704400000, 0x0000000800000000)
  region size 2048K, 4 young (8192K), 4 survivors (8192K)
 Metaspace       used 21316K, committed 21504K, reserved 1073152K
  class space    used 2908K, committed 3008K, reserved 1048576K
}
Event: 2.971 GC heap before
{Heap before GC invocations=4 (full 0):
 garbage-first heap   total 40960K, used 25922K [0x0000000704400000, 0x0000000800000000)
  region size 2048K, 12 young (24576K), 4 survivors (8192K)
 Metaspace       used 23628K, committed 23872K, reserved 1073152K
  class space    used 3159K, committed 3264K, reserved 1048576K
}
Event: 2.977 GC heap after
{Heap after GC invocations=5 (full 0):
 garbage-first heap   total 40960K, used 10436K [0x0000000704400000, 0x0000000800000000)
  region size 2048K, 2 young (4096K), 2 survivors (4096K)
 Metaspace       used 23628K, committed 23872K, reserved 1073152K
  class space    used 3159K, committed 3264K, reserved 1048576K
}

Deoptimization events (20 events):
Event: 0.841 Thread 0x0000027c57731ec0 DEOPT PACKING pc=0x0000027c3b43beab sp=0x000000c9fbdfd8d0
Event: 0.841 Thread 0x0000027c57731ec0 DEOPT UNPACKING pc=0x0000027c3a8c2b43 sp=0x000000c9fbdfcd38 mode 0
Event: 0.841 Thread 0x0000027c57731ec0 DEOPT PACKING pc=0x0000027c3b438dc2 sp=0x000000c9fbdfd890
Event: 0.841 Thread 0x0000027c57731ec0 DEOPT UNPACKING pc=0x0000027c3a8c2b43 sp=0x000000c9fbdfcd40 mode 0
Event: 0.842 Thread 0x0000027c57731ec0 DEOPT PACKING pc=0x0000027c3b43aa38 sp=0x000000c9fbdfd670
Event: 0.842 Thread 0x0000027c57731ec0 DEOPT UNPACKING pc=0x0000027c3a8c2b43 sp=0x000000c9fbdfca28 mode 0
Event: 0.842 Thread 0x0000027c57731ec0 DEOPT PACKING pc=0x0000027c3b43aa38 sp=0x000000c9fbdfd670
Event: 0.842 Thread 0x0000027c57731ec0 DEOPT UNPACKING pc=0x0000027c3a8c2b43 sp=0x000000c9fbdfca28 mode 0
Event: 0.843 Thread 0x0000027c57731ec0 DEOPT PACKING pc=0x0000027c3b438dc2 sp=0x000000c9fbdfd8a0
Event: 0.843 Thread 0x0000027c57731ec0 DEOPT UNPACKING pc=0x0000027c3a8c2b43 sp=0x000000c9fbdfcd30 mode 0
Event: 0.843 Thread 0x0000027c57731ec0 DEOPT PACKING pc=0x0000027c3b438dc2 sp=0x000000c9fbdfd8a0
Event: 0.843 Thread 0x0000027c57731ec0 DEOPT UNPACKING pc=0x0000027c3a8c2b43 sp=0x000000c9fbdfcd30 mode 0
Event: 1.344 Thread 0x0000027c57731ec0 DEOPT PACKING pc=0x0000027c3b458748 sp=0x000000c9fbdfdd60
Event: 1.344 Thread 0x0000027c57731ec0 DEOPT UNPACKING pc=0x0000027c3a8c2b43 sp=0x000000c9fbdfd1b0 mode 0
Event: 1.645 Thread 0x0000027c57732390 Uncommon trap: trap_request=0xffffffd6 fr.pc=0x0000027c424e6c8c relative=0x000000000000100c
Event: 1.645 Thread 0x0000027c57732390 Uncommon trap: reason=array_check action=maybe_recompile pc=0x0000027c424e6c8c method=javafx.css.SimpleSelector.applies(Ljavafx/css/Styleable;[Ljava/util/Set;I)Z @ 37 c2
Event: 1.645 Thread 0x0000027c57732390 DEOPT PACKING pc=0x0000027c424e6c8c sp=0x000000c9fc0fc810
Event: 1.645 Thread 0x0000027c57732390 DEOPT UNPACKING pc=0x0000027c3a8c23a3 sp=0x000000c9fc0fc770 mode 2
Event: 6.005 Thread 0x0000027c577301e0 DEOPT PACKING pc=0x0000027c3b09a13e sp=0x000000c9fb6fef10
Event: 6.005 Thread 0x0000027c577301e0 DEOPT UNPACKING pc=0x0000027c3a8c2b43 sp=0x000000c9fb6fe388 mode 0

Classes unloaded (0 events):
No events

Classes redefined (0 events):
No events

Internal exceptions (20 events):
Event: 0.568 Thread 0x0000027c57732390 Exception <a 'java/lang/NoSuchMethodError'{0x000000071235b3b0}: 'java.lang.Object java.lang.invoke.DirectMethodHandle$Holder.invokeInterface(java.lang.Object, java.lang.Object, java.lang.Object)'> (0x000000071235b3b0) 
thrown [s\src\hotspot\share\interpreter\linkResolver.cpp, line 759]
Event: 0.568 Thread 0x0000027c57732390 Exception <a 'java/lang/IncompatibleClassChangeError'{0x000000071235ed38}: Found class java.lang.Object, but interface was expected> (0x000000071235ed38) 
thrown [s\src\hotspot\share\interpreter\linkResolver.cpp, line 826]
Event: 0.619 Thread 0x0000027c57732390 Exception <a 'java/lang/ClassNotFoundException'{0x0000000711fc3370}: com/sun/javafx/scene/control/skin/resources/controls> (0x0000000711fc3370) 
thrown [s\src\hotspot\share\prims\jni.cpp, line 535]
Event: 0.620 Thread 0x0000027c57732390 Exception <a 'java/lang/ClassNotFoundException'{0x0000000711fd17a0}: com/sun/javafx/scene/control/skin/resources/controls_ko> (0x0000000711fd17a0) 
thrown [s\src\hotspot\share\prims\jni.cpp, line 535]
Event: 0.620 Thread 0x0000027c57732390 Exception <a 'java/lang/ClassNotFoundException'{0x0000000711fdfe50}: com/sun/javafx/scene/control/skin/resources/controls_ko_KR> (0x0000000711fdfe50) 
thrown [s\src\hotspot\share\prims\jni.cpp, line 535]
Event: 0.632 Thread 0x0000027c57732390 Exception <a 'java/lang/NoSuchMethodError'{0x0000000711cf9168}: 'void java.lang.invoke.DirectMethodHandle$Holder.invokeSpecial(java.lang.Object, java.lang.Object, java.lang.Object, java.lang.Object, java.lang.Object, java.lang.Object)'> (0x0000000711cf9168) 
thrown [s\src\hotspot\share\interpreter\linkResolver.cpp, line 759]
Event: 0.736 Thread 0x0000027c57732390 Exception <a 'java/lang/NoSuchMethodError'{0x00000007060ddaa0}: 'java.lang.Object java.lang.invoke.DirectMethodHandle$Holder.newInvokeSpecial(java.lang.Object, java.lang.Object, int)'> (0x00000007060ddaa0) 
thrown [s\src\hotspot\share\interpreter\linkResolver.cpp, line 759]
Event: 0.761 Thread 0x0000027c57732390 Implicit null exception at 0x0000027c424d9daa to 0x0000027c424db1b8
Event: 0.773 Thread 0x0000027c57731ec0 Exception <a 'java/lang/NoSuchMethodError'{0x0000000705d1ac60}: 'int java.lang.invoke.DirectMethodHandle$Holder.invokeStaticInit(java.lang.Object, java.lang.Object)'> (0x0000000705d1ac60) 
thrown [s\src\hotspot\share\interpreter\linkResolver.cpp, line 759]
Event: 0.835 Thread 0x0000027c57731ec0 Exception <a 'java/lang/NoSuchMethodError'{0x00000007056a7aa8}: 'java.lang.Object java.lang.invoke.DirectMethodHandle$Holder.invokeStaticInit(java.lang.Object, int)'> (0x00000007056a7aa8) 
thrown [s\src\hotspot\share\interpreter\linkResolver.cpp, line 759]
Event: 1.585 Thread 0x0000027c57732390 Exception <a 'java/lang/NoSuchMethodError'{0x00000007057489a0}: 'long java.lang.invoke.DirectMethodHandle$Holder.invokeStatic(java.lang.Object, java.lang.Object, java.lang.Object)'> (0x00000007057489a0) 
thrown [s\src\hotspot\share\interpreter\linkResolver.cpp, line 759]
Event: 1.585 Thread 0x0000027c57732390 Exception <a 'java/lang/NoSuchMethodError'{0x000000070574c148}: 'long java.lang.invoke.DirectMethodHandle$Holder.invokeStaticInit(java.lang.Object, java.lang.Object, java.lang.Object)'> (0x000000070574c148) 
thrown [s\src\hotspot\share\interpreter\linkResolver.cpp, line 759]
Event: 1.587 Thread 0x0000027c57732390 Exception <a 'java/lang/NoSuchMethodError'{0x0000000705763d48}: 'java.lang.Object java.lang.invoke.DirectMethodHandle$Holder.newInvokeSpecial(java.lang.Object, java.lang.Object, long)'> (0x0000000705763d48) 
thrown [s\src\hotspot\share\interpreter\linkResolver.cpp, line 759]
Event: 1.587 Thread 0x0000027c57732390 Exception <a 'java/lang/NoSuchMethodError'{0x00000007057678b8}: 'java.lang.Object java.lang.invoke.Invokers$Holder.linkToTargetMethod(java.lang.Object, long, java.lang.Object)'> (0x00000007057678b8) 
thrown [s\src\hotspot\share\interpreter\linkResolver.cpp, line 759]
Event: 8.118 Thread 0x0000027c577301e0 Exception <a 'java/lang/InterruptedException'{0x0000000713e9ff80}: sleep interrupted> (0x0000000713e9ff80) 
thrown [s\src\hotspot\share\prims\jvm.cpp, line 3070]
Event: 8.119 Thread 0x0000027c577301e0 Exception <a 'java/lang/InterruptedException'{0x0000000713ea0430}: sleep interrupted> (0x0000000713ea0430) 
thrown [s\src\hotspot\share\prims\jvm.cpp, line 3044]
Event: 8.119 Thread 0x0000027c577301e0 Exception <a 'java/lang/InterruptedException'{0x0000000713ea08e0}: sleep interrupted> (0x0000000713ea08e0) 
thrown [s\src\hotspot\share\prims\jvm.cpp, line 3044]
Event: 8.119 Thread 0x0000027c577301e0 Exception <a 'java/lang/InterruptedException'{0x0000000713ea6dd0}: sleep interrupted> (0x0000000713ea6dd0) 
thrown [s\src\hotspot\share\prims\jvm.cpp, line 3044]
Event: 8.119 Thread 0x0000027c577301e0 Exception <a 'java/lang/InterruptedException'{0x0000000713ea7280}: sleep interrupted> (0x0000000713ea7280) 
thrown [s\src\hotspot\share\prims\jvm.cpp, line 3044]
Event: 8.119 Thread 0x0000027c577301e0 Exception <a 'java/lang/InterruptedException'{0x0000000713ea7730}: sleep interrupted> (0x0000000713ea7730) 
thrown [s\src\hotspot\share\prims\jvm.cpp, line 3044]

VM Operations (20 events):
Event: 0.649 Executing VM operation: HandshakeAllThreads
Event: 0.649 Executing VM operation: HandshakeAllThreads done
Event: 0.684 Executing VM operation: CollectForMetadataAllocation
Event: 0.687 Executing VM operation: CollectForMetadataAllocation done
Event: 0.688 Executing VM operation: G1Concurrent
Event: 0.689 Executing VM operation: G1Concurrent done
Event: 0.689 Executing VM operation: G1Concurrent
Event: 0.689 Executing VM operation: G1Concurrent done
Event: 1.219 Executing VM operation: ICBufferFull
Event: 1.219 Executing VM operation: ICBufferFull done
Event: 2.149 Executing VM operation: ICBufferFull
Event: 2.149 Executing VM operation: ICBufferFull done
Event: 2.971 Executing VM operation: G1CollectForAllocation
Event: 2.977 Executing VM operation: G1CollectForAllocation done
Event: 4.977 Executing VM operation: Cleanup
Event: 4.977 Executing VM operation: Cleanup done
Event: 6.977 Executing VM operation: Cleanup
Event: 6.977 Executing VM operation: Cleanup done
Event: 7.978 Executing VM operation: Cleanup
Event: 7.978 Executing VM operation: Cleanup done

Events (20 events):
Event: 3.102 Thread 0x0000027c58ed69c0 Thread exited: 0x0000027c58ed69c0
Event: 3.981 Thread 0x0000027c5775f560 Thread exited: 0x0000027c5775f560
Event: 3.981 Thread 0x0000027c5775cc30 Thread exited: 0x0000027c5775cc30
Event: 3.985 loading class java/util/Formatter
Event: 3.986 loading class java/util/Formatter done
Event: 3.987 loading class java/util/Locale$Category
Event: 3.987 loading class java/util/Locale$Category done
Event: 3.987 loading class java/util/Formatter$Conversion
Event: 3.987 loading class java/util/Formatter$Conversion done
Event: 3.987 loading class java/util/Formatter$FormatSpecifier
Event: 3.987 loading class java/util/Formatter$FormatString
Event: 3.987 loading class java/util/Formatter$FormatString done
Event: 3.987 loading class java/util/Formatter$FormatSpecifier done
Event: 3.988 loading class java/util/Formatter$Flags
Event: 3.988 loading class java/util/Formatter$Flags done
Event: 3.988 loading class java/util/Formatter$FixedString
Event: 3.988 loading class java/util/Formatter$FixedString done
Event: 4.993 Thread 0x0000027c57722840 Thread exited: 0x0000027c57722840
Event: 6.007 Thread 0x0000027c58ed3720 Thread added: 0x0000027c58ed3720
Event: 6.007 Thread 0x0000027c58ed5070 Thread added: 0x0000027c58ed5070


Dynamic libraries:
0x00007ff6b1f60000 - 0x00007ff6b1f6e000 	C:\Users\anyti\eclipse-jee-2022-09-R-win32-x86_64\eclipse\plugins\org.eclipse.justj.openjdk.hotspot.jre.full.win32.x86_64_17.0.4.v20220903-1038\jre\bin\javaw.exe
0x00007ffd86a30000 - 0x00007ffd86c28000 	C:\WINDOWS\SYSTEM32\ntdll.dll
0x00007ffd86930000 - 0x00007ffd869ed000 	C:\WINDOWS\System32\KERNEL32.DLL
0x00007ffd84320000 - 0x00007ffd84616000 	C:\WINDOWS\System32\KERNELBASE.dll
0x00007ffd841d0000 - 0x00007ffd842d0000 	C:\WINDOWS\System32\ucrtbase.dll
0x00007ffd7bbe0000 - 0x00007ffd7bbf8000 	C:\Users\anyti\eclipse-jee-2022-09-R-win32-x86_64\eclipse\plugins\org.eclipse.justj.openjdk.hotspot.jre.full.win32.x86_64_17.0.4.v20220903-1038\jre\bin\jli.dll
0x00007ffd7bba0000 - 0x00007ffd7bbb9000 	C:\Users\anyti\eclipse-jee-2022-09-R-win32-x86_64\eclipse\plugins\org.eclipse.justj.openjdk.hotspot.jre.full.win32.x86_64_17.0.4.v20220903-1038\jre\bin\VCRUNTIME140.dll
0x00007ffd85a80000 - 0x00007ffd85c1e000 	C:\WINDOWS\System32\USER32.dll
0x00007ffd84920000 - 0x00007ffd84942000 	C:\WINDOWS\System32\win32u.dll
0x00007ffd62400000 - 0x00007ffd6269a000 	C:\WINDOWS\WinSxS\amd64_microsoft.windows.common-controls_6595b64144ccf1df_6.0.19041.3636_none_60b6a03d71f818d5\COMCTL32.dll
0x00007ffd86640000 - 0x00007ffd8666b000 	C:\WINDOWS\System32\GDI32.dll
0x00007ffd84ad0000 - 0x00007ffd84b6e000 	C:\WINDOWS\System32\msvcrt.dll
0x00007ffd84950000 - 0x00007ffd84a67000 	C:\WINDOWS\System32\gdi32full.dll
0x00007ffd84620000 - 0x00007ffd846bd000 	C:\WINDOWS\System32\msvcp_win.dll
0x00007ffd86590000 - 0x00007ffd865c2000 	C:\WINDOWS\System32\IMM32.DLL
0x00007ffd7cf00000 - 0x00007ffd7cf0c000 	C:\Users\anyti\eclipse-jee-2022-09-R-win32-x86_64\eclipse\plugins\org.eclipse.justj.openjdk.hotspot.jre.full.win32.x86_64_17.0.4.v20220903-1038\jre\bin\vcruntime140_1.dll
0x00007ffd53b10000 - 0x00007ffd53ba1000 	C:\Users\anyti\eclipse-jee-2022-09-R-win32-x86_64\eclipse\plugins\org.eclipse.justj.openjdk.hotspot.jre.full.win32.x86_64_17.0.4.v20220903-1038\jre\bin\msvcp140.dll
0x00007ffd189a0000 - 0x00007ffd195e6000 	C:\Users\anyti\eclipse-jee-2022-09-R-win32-x86_64\eclipse\plugins\org.eclipse.justj.openjdk.hotspot.jre.full.win32.x86_64_17.0.4.v20220903-1038\jre\bin\server\jvm.dll
0x00007ffd86670000 - 0x00007ffd86723000 	C:\WINDOWS\System32\ADVAPI32.dll
0x00007ffd84ef0000 - 0x00007ffd84f8f000 	C:\WINDOWS\System32\sechost.dll
0x00007ffd85200000 - 0x00007ffd85326000 	C:\WINDOWS\System32\RPCRT4.dll
0x00007ffd841a0000 - 0x00007ffd841c7000 	C:\WINDOWS\System32\bcrypt.dll
0x00007ffd84c60000 - 0x00007ffd84c68000 	C:\WINDOWS\System32\PSAPI.DLL
0x00007ffd7e5c0000 - 0x00007ffd7e5c9000 	C:\WINDOWS\SYSTEM32\WSOCK32.dll
0x00007ffd63fa0000 - 0x00007ffd63fc7000 	C:\WINDOWS\SYSTEM32\WINMM.dll
0x00007ffd865d0000 - 0x00007ffd8663b000 	C:\WINDOWS\System32\WS2_32.dll
0x00007ffd7c440000 - 0x00007ffd7c44a000 	C:\WINDOWS\SYSTEM32\VERSION.dll
0x00007ffd82930000 - 0x00007ffd82942000 	C:\WINDOWS\SYSTEM32\kernel.appcore.dll
0x00007ffd7d980000 - 0x00007ffd7d98a000 	C:\Users\anyti\eclipse-jee-2022-09-R-win32-x86_64\eclipse\plugins\org.eclipse.justj.openjdk.hotspot.jre.full.win32.x86_64_17.0.4.v20220903-1038\jre\bin\jimage.dll
0x00007ffd81c90000 - 0x00007ffd81e74000 	C:\WINDOWS\SYSTEM32\DBGHELP.DLL
0x00007ffd7bd60000 - 0x00007ffd7bd94000 	C:\WINDOWS\SYSTEM32\dbgcore.DLL
0x00007ffd846c0000 - 0x00007ffd84742000 	C:\WINDOWS\System32\bcryptPrimitives.dll
0x00007ffd7ca20000 - 0x00007ffd7ca45000 	C:\Users\anyti\eclipse-jee-2022-09-R-win32-x86_64\eclipse\plugins\org.eclipse.justj.openjdk.hotspot.jre.full.win32.x86_64_17.0.4.v20220903-1038\jre\bin\java.dll
0x00007ffd7d3c0000 - 0x00007ffd7d3d8000 	C:\Users\anyti\eclipse-jee-2022-09-R-win32-x86_64\eclipse\plugins\org.eclipse.justj.openjdk.hotspot.jre.full.win32.x86_64_17.0.4.v20220903-1038\jre\bin\zip.dll
0x00007ffd85330000 - 0x00007ffd85a75000 	C:\WINDOWS\System32\SHELL32.dll
0x00007ffd82180000 - 0x00007ffd8291c000 	C:\WINDOWS\SYSTEM32\windows.storage.dll
0x00007ffd861d0000 - 0x00007ffd86524000 	C:\WINDOWS\System32\combase.dll
0x00007ffd83b20000 - 0x00007ffd83b4e000 	C:\WINDOWS\SYSTEM32\Wldp.dll
0x00007ffd86730000 - 0x00007ffd867fd000 	C:\WINDOWS\System32\OLEAUT32.dll
0x00007ffd850b0000 - 0x00007ffd8515d000 	C:\WINDOWS\System32\SHCORE.dll
0x00007ffd85d00000 - 0x00007ffd85d55000 	C:\WINDOWS\System32\shlwapi.dll
0x00007ffd84020000 - 0x00007ffd84045000 	C:\WINDOWS\SYSTEM32\profapi.dll
0x00007ffd7cdf0000 - 0x00007ffd7ce09000 	C:\Users\anyti\eclipse-jee-2022-09-R-win32-x86_64\eclipse\plugins\org.eclipse.justj.openjdk.hotspot.jre.full.win32.x86_64_17.0.4.v20220903-1038\jre\bin\net.dll
0x00007ffd7cfb0000 - 0x00007ffd7d0ba000 	C:\WINDOWS\SYSTEM32\WINHTTP.dll
0x00007ffd83880000 - 0x00007ffd838ea000 	C:\WINDOWS\system32\mswsock.dll
0x00007ffd77d50000 - 0x00007ffd77d65000 	C:\Users\anyti\eclipse-jee-2022-09-R-win32-x86_64\eclipse\plugins\org.eclipse.justj.openjdk.hotspot.jre.full.win32.x86_64_17.0.4.v20220903-1038\jre\bin\nio.dll
0x0000027c56ba0000 - 0x0000027c56ba3000 	C:\Users\anyti\setup\openjfx-21.0.2_windows-x64_bin-sdk (1)\javafx-sdk-21.0.2\bin\api-ms-win-core-console-l1-1-0.dll
0x0000027c56bb0000 - 0x0000027c56bb3000 	C:\Users\anyti\setup\openjfx-21.0.2_windows-x64_bin-sdk (1)\javafx-sdk-21.0.2\bin\api-ms-win-core-console-l1-2-0.dll
0x0000027c56bc0000 - 0x0000027c56bc3000 	C:\Users\anyti\setup\openjfx-21.0.2_windows-x64_bin-sdk (1)\javafx-sdk-21.0.2\bin\api-ms-win-core-datetime-l1-1-0.dll
0x0000027c56bd0000 - 0x0000027c56bd3000 	C:\Users\anyti\setup\openjfx-21.0.2_windows-x64_bin-sdk (1)\javafx-sdk-21.0.2\bin\api-ms-win-core-debug-l1-1-0.dll
0x0000027c56be0000 - 0x0000027c56be3000 	C:\Users\anyti\setup\openjfx-21.0.2_windows-x64_bin-sdk (1)\javafx-sdk-21.0.2\bin\api-ms-win-core-errorhandling-l1-1-0.dll
0x0000027c56bf0000 - 0x0000027c56bf4000 	C:\Users\anyti\setup\openjfx-21.0.2_windows-x64_bin-sdk (1)\javafx-sdk-21.0.2\bin\api-ms-win-core-file-l1-1-0.dll
0x0000027c58fd0000 - 0x0000027c58fd3000 	C:\Users\anyti\setup\openjfx-21.0.2_windows-x64_bin-sdk (1)\javafx-sdk-21.0.2\bin\api-ms-win-core-file-l1-2-0.dll
0x0000027c58fe0000 - 0x0000027c58fe3000 	C:\Users\anyti\setup\openjfx-21.0.2_windows-x64_bin-sdk (1)\javafx-sdk-21.0.2\bin\api-ms-win-core-file-l2-1-0.dll
0x0000027c58ff0000 - 0x0000027c58ff3000 	C:\Users\anyti\setup\openjfx-21.0.2_windows-x64_bin-sdk (1)\javafx-sdk-21.0.2\bin\api-ms-win-core-handle-l1-1-0.dll
0x0000027c59120000 - 0x0000027c59123000 	C:\Users\anyti\setup\openjfx-21.0.2_windows-x64_bin-sdk (1)\javafx-sdk-21.0.2\bin\api-ms-win-core-heap-l1-1-0.dll
0x0000027c59000000 - 0x0000027c59003000 	C:\Users\anyti\setup\openjfx-21.0.2_windows-x64_bin-sdk (1)\javafx-sdk-21.0.2\bin\api-ms-win-core-interlocked-l1-1-0.dll
0x0000027c59010000 - 0x0000027c59013000 	C:\Users\anyti\setup\openjfx-21.0.2_windows-x64_bin-sdk (1)\javafx-sdk-21.0.2\bin\api-ms-win-core-libraryloader-l1-1-0.dll
0x0000027c59020000 - 0x0000027c59023000 	C:\Users\anyti\setup\openjfx-21.0.2_windows-x64_bin-sdk (1)\javafx-sdk-21.0.2\bin\api-ms-win-core-localization-l1-2-0.dll
0x0000027c59030000 - 0x0000027c59033000 	C:\Users\anyti\setup\openjfx-21.0.2_windows-x64_bin-sdk (1)\javafx-sdk-21.0.2\bin\api-ms-win-core-memory-l1-1-0.dll
0x0000027c59040000 - 0x0000027c59043000 	C:\Users\anyti\setup\openjfx-21.0.2_windows-x64_bin-sdk (1)\javafx-sdk-21.0.2\bin\api-ms-win-core-namedpipe-l1-1-0.dll
0x0000027c59050000 - 0x0000027c59053000 	C:\Users\anyti\setup\openjfx-21.0.2_windows-x64_bin-sdk (1)\javafx-sdk-21.0.2\bin\api-ms-win-core-processenvironment-l1-1-0.dll
0x0000027c59060000 - 0x0000027c59063000 	C:\Users\anyti\setup\openjfx-21.0.2_windows-x64_bin-sdk (1)\javafx-sdk-21.0.2\bin\api-ms-win-core-processthreads-l1-1-0.dll
0x0000027c59070000 - 0x0000027c59073000 	C:\Users\anyti\setup\openjfx-21.0.2_windows-x64_bin-sdk (1)\javafx-sdk-21.0.2\bin\api-ms-win-core-processthreads-l1-1-1.dll
0x0000027c59080000 - 0x0000027c59083000 	C:\Users\anyti\setup\openjfx-21.0.2_windows-x64_bin-sdk (1)\javafx-sdk-21.0.2\bin\api-ms-win-core-profile-l1-1-0.dll
0x0000027c59090000 - 0x0000027c59093000 	C:\Users\anyti\setup\openjfx-21.0.2_windows-x64_bin-sdk (1)\javafx-sdk-21.0.2\bin\api-ms-win-core-rtlsupport-l1-1-0.dll
0x0000027c590a0000 - 0x0000027c590a3000 	C:\Users\anyti\setup\openjfx-21.0.2_windows-x64_bin-sdk (1)\javafx-sdk-21.0.2\bin\api-ms-win-core-string-l1-1-0.dll
0x0000027c590b0000 - 0x0000027c590b3000 	C:\Users\anyti\setup\openjfx-21.0.2_windows-x64_bin-sdk (1)\javafx-sdk-21.0.2\bin\api-ms-win-core-synch-l1-1-0.dll
0x0000027c590c0000 - 0x0000027c590c3000 	C:\Users\anyti\setup\openjfx-21.0.2_windows-x64_bin-sdk (1)\javafx-sdk-21.0.2\bin\api-ms-win-core-synch-l1-2-0.dll
0x0000027c590d0000 - 0x0000027c590d3000 	C:\Users\anyti\setup\openjfx-21.0.2_windows-x64_bin-sdk (1)\javafx-sdk-21.0.2\bin\api-ms-win-core-sysinfo-l1-1-0.dll
0x0000027c590e0000 - 0x0000027c590e3000 	C:\Users\anyti\setup\openjfx-21.0.2_windows-x64_bin-sdk (1)\javafx-sdk-21.0.2\bin\api-ms-win-core-timezone-l1-1-0.dll
0x0000027c590f0000 - 0x0000027c590f3000 	C:\Users\anyti\setup\openjfx-21.0.2_windows-x64_bin-sdk (1)\javafx-sdk-21.0.2\bin\api-ms-win-core-util-l1-1-0.dll
0x0000027c59100000 - 0x0000027c59103000 	C:\Users\anyti\setup\openjfx-21.0.2_windows-x64_bin-sdk (1)\javafx-sdk-21.0.2\bin\api-ms-win-crt-conio-l1-1-0.dll
0x0000027c59110000 - 0x0000027c59114000 	C:\Users\anyti\setup\openjfx-21.0.2_windows-x64_bin-sdk (1)\javafx-sdk-21.0.2\bin\api-ms-win-crt-convert-l1-1-0.dll
0x0000027c59130000 - 0x0000027c59133000 	C:\Users\anyti\setup\openjfx-21.0.2_windows-x64_bin-sdk (1)\javafx-sdk-21.0.2\bin\api-ms-win-crt-environment-l1-1-0.dll
0x0000027c59140000 - 0x0000027c59143000 	C:\Users\anyti\setup\openjfx-21.0.2_windows-x64_bin-sdk (1)\javafx-sdk-21.0.2\bin\api-ms-win-crt-filesystem-l1-1-0.dll
0x0000027c59280000 - 0x0000027c59283000 	C:\Users\anyti\setup\openjfx-21.0.2_windows-x64_bin-sdk (1)\javafx-sdk-21.0.2\bin\api-ms-win-crt-heap-l1-1-0.dll
0x0000027c59150000 - 0x0000027c59153000 	C:\Users\anyti\setup\openjfx-21.0.2_windows-x64_bin-sdk (1)\javafx-sdk-21.0.2\bin\api-ms-win-crt-locale-l1-1-0.dll
0x0000027c59160000 - 0x0000027c59165000 	C:\Users\anyti\setup\openjfx-21.0.2_windows-x64_bin-sdk (1)\javafx-sdk-21.0.2\bin\api-ms-win-crt-math-l1-1-0.dll
0x0000027c59170000 - 0x0000027c59175000 	C:\Users\anyti\setup\openjfx-21.0.2_windows-x64_bin-sdk (1)\javafx-sdk-21.0.2\bin\api-ms-win-crt-multibyte-l1-1-0.dll
0x0000027c59180000 - 0x0000027c59190000 	C:\Users\anyti\setup\openjfx-21.0.2_windows-x64_bin-sdk (1)\javafx-sdk-21.0.2\bin\api-ms-win-crt-private-l1-1-0.dll
0x0000027c59190000 - 0x0000027c59193000 	C:\Users\anyti\setup\openjfx-21.0.2_windows-x64_bin-sdk (1)\javafx-sdk-21.0.2\bin\api-ms-win-crt-process-l1-1-0.dll
0x0000027c591a0000 - 0x0000027c591a4000 	C:\Users\anyti\setup\openjfx-21.0.2_windows-x64_bin-sdk (1)\javafx-sdk-21.0.2\bin\api-ms-win-crt-runtime-l1-1-0.dll
0x0000027c591b0000 - 0x0000027c591b4000 	C:\Users\anyti\setup\openjfx-21.0.2_windows-x64_bin-sdk (1)\javafx-sdk-21.0.2\bin\api-ms-win-crt-stdio-l1-1-0.dll
0x0000027c591c0000 - 0x0000027c591c4000 	C:\Users\anyti\setup\openjfx-21.0.2_windows-x64_bin-sdk (1)\javafx-sdk-21.0.2\bin\api-ms-win-crt-string-l1-1-0.dll
0x0000027c591d0000 - 0x0000027c591d3000 	C:\Users\anyti\setup\openjfx-21.0.2_windows-x64_bin-sdk (1)\javafx-sdk-21.0.2\bin\api-ms-win-crt-time-l1-1-0.dll
0x0000027c591e0000 - 0x0000027c591e3000 	C:\Users\anyti\setup\openjfx-21.0.2_windows-x64_bin-sdk (1)\javafx-sdk-21.0.2\bin\api-ms-win-crt-utility-l1-1-0.dll
0x00007ffd4f370000 - 0x00007ffd4f46c000 	C:\Users\anyti\setup\openjfx-21.0.2_windows-x64_bin-sdk (1)\javafx-sdk-21.0.2\bin\ucrtbase.dll
0x00007ffd7bb00000 - 0x00007ffd7bb1b000 	C:\Users\anyti\setup\openjfx-21.0.2_windows-x64_bin-sdk (1)\javafx-sdk-21.0.2\bin\vcruntime140.dll
0x00007ffd7ce30000 - 0x00007ffd7ce3c000 	C:\Users\anyti\setup\openjfx-21.0.2_windows-x64_bin-sdk (1)\javafx-sdk-21.0.2\bin\vcruntime140_1.dll
0x00007ffd4eea0000 - 0x00007ffd4ef2e000 	C:\Users\anyti\setup\openjfx-21.0.2_windows-x64_bin-sdk (1)\javafx-sdk-21.0.2\bin\msvcp140.dll
0x00007ffd7cb60000 - 0x00007ffd7cb69000 	C:\Users\anyti\setup\openjfx-21.0.2_windows-x64_bin-sdk (1)\javafx-sdk-21.0.2\bin\msvcp140_1.dll
0x00007ffd55840000 - 0x00007ffd55881000 	C:\Users\anyti\setup\openjfx-21.0.2_windows-x64_bin-sdk (1)\javafx-sdk-21.0.2\bin\msvcp140_2.dll
0x00007ffd61cc0000 - 0x00007ffd61cf0000 	C:\Users\anyti\setup\openjfx-21.0.2_windows-x64_bin-sdk (1)\javafx-sdk-21.0.2\bin\prism_d3d.dll
0x00007ffd7ad50000 - 0x00007ffd7af1d000 	C:\WINDOWS\system32\d3d9.dll
0x00007ffd818e0000 - 0x00007ffd8190f000 	C:\WINDOWS\SYSTEM32\dwmapi.dll
0x00007ffd81660000 - 0x00007ffd816fe000 	C:\WINDOWS\system32\uxtheme.dll
0x00007ffd4e310000 - 0x00007ffd4e3c8000 	C:\WINDOWS\SYSTEM32\d3d9on12.dll
0x00007ffd49ef0000 - 0x00007ffd49f15000 	C:\WINDOWS\SYSTEM32\d3d12.dll
0x00007ffd829a0000 - 0x00007ffd82a93000 	C:\WINDOWS\SYSTEM32\dxgi.dll
0x00007ffd60d40000 - 0x00007ffd60d7b000 	C:\WINDOWS\SYSTEM32\dxcore.dll
0x00007ffd842d0000 - 0x00007ffd8431e000 	C:\WINDOWS\System32\cfgmgr32.dll
0x00007ffd16f20000 - 0x00007ffd170ed000 	C:\WINDOWS\SYSTEM32\D3D12Core.dll
0x00007ffd46dc0000 - 0x00007ffd46eb3000 	C:\WINDOWS\System32\DriverStore\FileRepository\iigd_dch.inf_amd64_a1efc3cac97d05d2\igd12umd64.dll
0x00007ffcea9c0000 - 0x00007ffcebaa9000 	C:\WINDOWS\System32\DriverStore\FileRepository\iigd_dch.inf_amd64_a1efc3cac97d05d2\igd12um64xel.dll
0x00007ffd847c0000 - 0x00007ffd8491d000 	C:\WINDOWS\System32\CRYPT32.dll
0x00007ffd86800000 - 0x00007ffd8692b000 	C:\WINDOWS\System32\ole32.dll
0x00007ffd55ac0000 - 0x00007ffd55ae6000 	C:\WINDOWS\System32\DriverStore\FileRepository\iigd_dch.inf_amd64_a1efc3cac97d05d2\igdext64.dll
0x00007ffd01a10000 - 0x00007ffd01a57000 	C:\WINDOWS\SYSTEM32\ControlLib.dll
0x00007ffd5aa50000 - 0x00007ffd5aae3000 	C:\WINDOWS\System32\DriverStore\FileRepository\iigd_dch.inf_amd64_a1efc3cac97d05d2\IntelControlLib.dll
0x00007ffd5a610000 - 0x00007ffd5aa4d000 	C:\WINDOWS\System32\DriverStore\FileRepository\iigd_dch.inf_amd64_a1efc3cac97d05d2\igdgmm64.dll
0x00007ffd56610000 - 0x00007ffd5a606000 	C:\WINDOWS\System32\DriverStore\FileRepository\iigd_dch.inf_amd64_a1efc3cac97d05d2\igc64.dll
0x00007ffd49450000 - 0x00007ffd4947a000 	C:\WINDOWS\SYSTEM32\D3DSCache.dll
0x00007ffd83fe0000 - 0x00007ffd8400e000 	C:\WINDOWS\SYSTEM32\USERENV.dll
0x00007ffd41990000 - 0x00007ffd41ca2000 	C:\WINDOWS\System32\DriverStore\FileRepository\iigd_dch.inf_amd64_a1efc3cac97d05d2\igd12dxva64.dll
0x00007ffd85d60000 - 0x00007ffd861ce000 	C:\WINDOWS\System32\SETUPAPI.dll
0x00007ffd1ba10000 - 0x00007ffd1cbe8000 	C:\WINDOWS\System32\DriverStore\FileRepository\iigd_dch.inf_amd64_a1efc3cac97d05d2\igddxvacommon64.dll
0x00007ffd19ce0000 - 0x00007ffd1ba0b000 	C:\WINDOWS\System32\DriverStore\FileRepository\iigd_dch.inf_amd64_a1efc3cac97d05d2\media_bin_64.dll
0x00007ffd7cb30000 - 0x00007ffd7cb57000 	C:\WINDOWS\System32\DriverStore\FileRepository\iigd_dch.inf_amd64_a1efc3cac97d05d2\igdinfo64.dll
0x00007ffd7c500000 - 0x00007ffd7c703000 	C:\WINDOWS\SYSTEM32\twinapi.appcore.dll
0x00007ffd53ac0000 - 0x00007ffd53b02000 	C:\Users\anyti\setup\openjfx-21.0.2_windows-x64_bin-sdk (1)\javafx-sdk-21.0.2\bin\glass.dll
0x00007ffd85c20000 - 0x00007ffd85cfa000 	C:\WINDOWS\System32\COMDLG32.dll
0x00007ffd84f90000 - 0x00007ffd850a4000 	C:\WINDOWS\System32\MSCTF.dll
0x00007ffd7bae0000 - 0x00007ffd7baf4000 	C:\Users\anyti\setup\openjfx-21.0.2_windows-x64_bin-sdk (1)\javafx-sdk-21.0.2\bin\javafx_font.dll
0x00007ffd55250000 - 0x00007ffd55289000 	C:\Users\anyti\AppData\Local\Temp\jSerialComm\2.10.4\jSerialComm.dll
0x00007ffd83e80000 - 0x00007ffd83eb3000 	C:\WINDOWS\SYSTEM32\DEVOBJ.dll
0x00007ffd84750000 - 0x00007ffd847b7000 	C:\WINDOWS\System32\WINTRUST.dll
0x00007ffd83cb0000 - 0x00007ffd83cc2000 	C:\WINDOWS\SYSTEM32\MSASN1.dll

dbghelp: loaded successfully - version: 4.0.5 - missing functions: none
symbol engine: initialized successfully - sym options: 0x614 - pdb path: .;C:\Users\anyti\eclipse-jee-2022-09-R-win32-x86_64\eclipse\plugins\org.eclipse.justj.openjdk.hotspot.jre.full.win32.x86_64_17.0.4.v20220903-1038\jre\bin;C:\WINDOWS\SYSTEM32;C:\WINDOWS\WinSxS\amd64_microsoft.windows.common-controls_6595b64144ccf1df_6.0.19041.3636_none_60b6a03d71f818d5;C:\Users\anyti\eclipse-jee-2022-09-R-win32-x86_64\eclipse\plugins\org.eclipse.justj.openjdk.hotspot.jre.full.win32.x86_64_17.0.4.v20220903-1038\jre\bin\server;C:\Users\anyti\setup\openjfx-21.0.2_windows-x64_bin-sdk (1)\javafx-sdk-21.0.2\bin;C:\WINDOWS\System32\DriverStore\FileRepository\iigd_dch.inf_amd64_a1efc3cac97d05d2;C:\Users\anyti\AppData\Local\Temp\jSerialComm\2.10.4;C:\Program Files\Common Files\Microsoft Shared\Ink;C:\Windows\System32\IME\IMEKR;C:\Windows\System32\IME\shared

VM Arguments:
jvm_args: -Dfile.encoding=UTF-8 --module-path=C:\Users\anyti\eclipse-workspace\javafx_base\bin;C:\Users\anyti\eclipse-jee-2022-09-R-win32-x86_64\eclipse\plugins\org.eclipse.fx.ide.css.jfx8_3.8.0.202204150904.jar;C:\Users\anyti\setup\openjfx-21.0.2_windows-x64_bin-sdk (1)\javafx-sdk-21.0.2\lib\javafx.base.jar;C:\Users\anyti\setup\openjfx-21.0.2_windows-x64_bin-sdk (1)\javafx-sdk-21.0.2\lib\javafx.controls.jar;C:\Users\anyti\setup\openjfx-21.0.2_windows-x64_bin-sdk (1)\javafx-sdk-21.0.2\lib\javafx.fxml.jar;C:\Users\anyti\setup\openjfx-21.0.2_windows-x64_bin-sdk (1)\javafx-sdk-21.0.2\lib\javafx.graphics.jar;C:\Users\anyti\setup\openjfx-21.0.2_windows-x64_bin-sdk (1)\javafx-sdk-21.0.2\lib\javafx.media.jar;C:\Users\anyti\setup\openjfx-21.0.2_windows-x64_bin-sdk (1)\javafx-sdk-21.0.2\lib\javafx.swing.jar;C:\Users\anyti\setup\openjfx-21.0.2_windows-x64_bin-sdk (1)\javafx-sdk-21.0.2\lib\javafx.web.jar;C:\Users\anyti\setup\openjfx-21.0.2_windows-x64_bin-sdk (1)\javafx-sdk-21.0.2\lib\javafx-swt.jar;C:\Users\anyti\Downloads\jSerialComm-2.10.4.jar -XX:+ShowCodeDetailsInExceptionMessages -Djdk.module.main=javafx_base 
java_command: javafx_base/application.Main
java_class_path (initial): <not set>
Launcher Type: SUN_STANDARD

[Global flags]
     intx CICompilerCount                          = 12                                        {product} {ergonomic}
     uint ConcGCThreads                            = 4                                         {product} {ergonomic}
     uint G1ConcRefinementThreads                  = 15                                        {product} {ergonomic}
   size_t G1HeapRegionSize                         = 2097152                                   {product} {ergonomic}
    uintx GCDrainStackTargetSize                   = 64                                        {product} {ergonomic}
   size_t InitialHeapSize                          = 264241152                                 {product} {ergonomic}
   size_t MarkStackSize                            = 4194304                                   {product} {ergonomic}
   size_t MaxHeapSize                              = 4223664128                                {product} {ergonomic}
   size_t MaxNewSize                               = 2533359616                                {product} {ergonomic}
   size_t MinHeapDeltaBytes                        = 2097152                                   {product} {ergonomic}
   size_t MinHeapSize                              = 8388608                                   {product} {ergonomic}
    uintx NonNMethodCodeHeapSize                   = 7602480                                {pd product} {ergonomic}
    uintx NonProfiledCodeHeapSize                  = 122027880                              {pd product} {ergonomic}
    uintx ProfiledCodeHeapSize                     = 122027880                              {pd product} {ergonomic}
    uintx ReservedCodeCacheSize                    = 251658240                              {pd product} {ergonomic}
     bool SegmentedCodeCache                       = true                                      {product} {ergonomic}
     bool ShowCodeDetailsInExceptionMessages       = true                                   {manageable} {command line}
   size_t SoftMaxHeapSize                          = 4223664128                             {manageable} {ergonomic}
     bool UseCompressedClassPointers               = true                           {product lp64_product} {ergonomic}
     bool UseCompressedOops                        = true                           {product lp64_product} {ergonomic}
     bool UseG1GC                                  = true                                      {product} {ergonomic}
     bool UseLargePagesIndividualAllocation        = false                                  {pd product} {ergonomic}

Logging:
Log output configuration:
 #0: stdout all=warning uptime,level,tags
 #1: stderr all=off uptime,level,tags

Environment Variables:
JAVA_HOME=C:\Program Files\Java\jdk-11
PATH=C:/Users/anyti/eclipse-jee-2022-09-R-win32-x86_64/eclipse//plugins/org.eclipse.justj.openjdk.hotspot.jre.full.win32.x86_64_17.0.4.v20220903-1038/jre/bin/server;C:/Users/anyti/eclipse-jee-2022-09-R-win32-x86_64/eclipse//plugins/org.eclipse.justj.openjdk.hotspot.jre.full.win32.x86_64_17.0.4.v20220903-1038/jre/bin;C:\Program Files\Common Files\Oracle\Java\javapath;C:\WINDOWS\system32;C:\WINDOWS;C:\WINDOWS\System32\Wbem;C:\WINDOWS\System32\WindowsPowerShell\v1.0\;C:\WINDOWS\System32\OpenSSH\;C:\Program Files\dotnet\;C:\Program Files\Bandizip\;C:\Program Files\Java\jdk-11\bin;C:\Users\anyti\AppData\Local\Microsoft\WindowsApps;;C:\Users\anyti\AppData\Local\Programs\Microsoft VS Code\bin;C:\Users\anyti\eclipse-jee-2022-09-R-win32-x86_64\eclipse;
USERNAME=anyti
OS=Windows_NT
PROCESSOR_IDENTIFIER=Intel64 Family 6 Model 154 Stepping 3, GenuineIntel
TMP=C:\Users\anyti\AppData\Local\Temp
TEMP=C:\Users\anyti\AppData\Local\Temp



---------------  S Y S T E M  ---------------

OS:
 Windows 10 , 64 bit Build 19041 (10.0.19041.3636)
OS uptime: 13 days 0:52 hours

CPU: total 20 (initial active 20) (10 cores per cpu, 2 threads per core) family 6 model 154 stepping 3 microcode 0x413, cx8, cmov, fxsr, ht, mmx, 3dnowpref, sse, sse2, sse3, ssse3, sse4.1, sse4.2, popcnt, lzcnt, tsc, tscinvbit, avx, avx2, aes, erms, clmul, bmi1, bmi2, adx, sha, fma, vzeroupper, clflush, clflushopt, clwb

Memory: 4k page, system-wide physical 16108M (6856M free)
TotalPageFile size 21228M (AvailPageFile size 6876M)
current process WorkingSet (physical memory assigned to process): 330M, peak: 353M
current process commit charge ("private bytes"): 430M, peak: 533M

vm_info: OpenJDK 64-Bit Server VM (17.0.4.1+1) for windows-amd64 JRE (17.0.4.1+1), built on Aug 17 2022 07:42:43 by "temurin" with MS VC++ 16.7 (VS2019)

END.
